<?xml version="1.0" encoding="UTF-8"?>
<!-- Generated by org.testng.reporters.JUnitReportReporter -->
<testsuite skipped="0" hostname="DESKTOP-QNHJ5Q7" name="testNgExample.Logger4jDemo" tests="3" failures="0" timestamp="2022-11-01T22:18:11 PDT" time="5.221" errors="0">
  <testcase name="verifylogin" time="3.599" classname="testNgExample.Logger4jDemo"/>
  <system-out/>
  <testcase name="verifyApptitle" time="0.020" classname="testNgExample.Logger4jDemo"/>
  <system-out/>
  <testcase name="Logout" time="1.602" classname="testNgExample.Logger4jDemo"/>
  <system-out/>
</testsuite> <!-- testNgExample.Logger4jDemo -->
